c:\users\hsh\desktop\space\space\x64\debug\space.pch
c:\users\hsh\desktop\space\space\x64\debug\vc142.pdb
c:\users\hsh\desktop\space\space\x64\debug\vc142.idb
c:\users\hsh\desktop\space\space\x64\debug\stdafx.obj
c:\users\hsh\desktop\space\space\x64\debug\texture.obj
c:\users\hsh\desktop\space\space\x64\debug\textfont.obj
c:\users\hsh\desktop\space\space\x64\debug\sprite.obj
c:\users\hsh\desktop\space\space\x64\debug\space.obj
c:\users\hsh\desktop\space\space\x64\debug\soundmgr.obj
c:\users\hsh\desktop\space\space\x64\debug\scenemain.obj
c:\users\hsh\desktop\space\space\x64\debug\scenedirector.obj
c:\users\hsh\desktop\space\space\x64\debug\resourcemgr.obj
c:\users\hsh\desktop\space\space\x64\debug\renderer.obj
c:\users\hsh\desktop\space\space\x64\debug\player.obj
c:\users\hsh\desktop\space\space\x64\debug\objectmgr.obj
c:\users\hsh\desktop\space\space\x64\debug\object.obj
c:\users\hsh\desktop\space\space\x64\debug\input.obj
c:\users\hsh\desktop\space\space\x64\debug\collisionmgr.obj
c:\users\hsh\desktop\space\space\x64\debug\app.obj
c:\users\hsh\desktop\space\space\x64\debug\animation.obj
c:\users\hsh\desktop\space\x64\debug\space.exe
c:\users\hsh\desktop\space\x64\debug\space.ilk
c:\users\hsh\desktop\space\x64\debug\space.pdb
c:\users\hsh\desktop\space\space\x64\debug\space.tlog\cl.command.1.tlog
c:\users\hsh\desktop\space\space\x64\debug\space.tlog\cl.read.1.tlog
c:\users\hsh\desktop\space\space\x64\debug\space.tlog\cl.write.1.tlog
c:\users\hsh\desktop\space\space\x64\debug\space.tlog\link.command.1.tlog
c:\users\hsh\desktop\space\space\x64\debug\space.tlog\link.read.1.tlog
c:\users\hsh\desktop\space\space\x64\debug\space.tlog\link.write.1.tlog
